c:\dev\github\ticktacktoe_windowsapp\ticktacktoe\ticktacktoe\debug\ticktacktoe.pch
c:\dev\github\ticktacktoe_windowsapp\ticktacktoe\ticktacktoe\debug\vc140.pdb
c:\dev\github\ticktacktoe_windowsapp\ticktacktoe\ticktacktoe\debug\vc140.idb
c:\dev\github\ticktacktoe_windowsapp\ticktacktoe\ticktacktoe\debug\stdafx.obj
c:\dev\github\ticktacktoe_windowsapp\ticktacktoe\debug\ticktacktoe.ilk
c:\dev\github\ticktacktoe_windowsapp\ticktacktoe\debug\ticktacktoe.exe
c:\dev\github\ticktacktoe_windowsapp\ticktacktoe\debug\ticktacktoe.pdb
c:\dev\github\ticktacktoe_windowsapp\ticktacktoe\ticktacktoe\debug\%(filename).res
c:\dev\github\ticktacktoe_windowsapp\ticktacktoe\ticktacktoe\debug\ticktacktoe.tlog\cl.command.1.tlog
c:\dev\github\ticktacktoe_windowsapp\ticktacktoe\ticktacktoe\debug\ticktacktoe.tlog\cl.read.1.tlog
c:\dev\github\ticktacktoe_windowsapp\ticktacktoe\ticktacktoe\debug\ticktacktoe.tlog\cl.write.1.tlog
c:\dev\github\ticktacktoe_windowsapp\ticktacktoe\ticktacktoe\debug\ticktacktoe.tlog\link-vctip.delete.1.tlog
c:\dev\github\ticktacktoe_windowsapp\ticktacktoe\ticktacktoe\debug\ticktacktoe.tlog\link-vctip.delete.103.tlog
c:\dev\github\ticktacktoe_windowsapp\ticktacktoe\ticktacktoe\debug\ticktacktoe.tlog\link-vctip.delete.118.tlog
c:\dev\github\ticktacktoe_windowsapp\ticktacktoe\ticktacktoe\debug\ticktacktoe.tlog\link-vctip.delete.12.tlog
c:\dev\github\ticktacktoe_windowsapp\ticktacktoe\ticktacktoe\debug\ticktacktoe.tlog\link-vctip.delete.132.tlog
c:\dev\github\ticktacktoe_windowsapp\ticktacktoe\ticktacktoe\debug\ticktacktoe.tlog\link-vctip.delete.145.tlog
c:\dev\github\ticktacktoe_windowsapp\ticktacktoe\ticktacktoe\debug\ticktacktoe.tlog\link-vctip.delete.15.tlog
c:\dev\github\ticktacktoe_windowsapp\ticktacktoe\ticktacktoe\debug\ticktacktoe.tlog\link-vctip.delete.27.tlog
c:\dev\github\ticktacktoe_windowsapp\ticktacktoe\ticktacktoe\debug\ticktacktoe.tlog\link-vctip.delete.30.tlog
c:\dev\github\ticktacktoe_windowsapp\ticktacktoe\ticktacktoe\debug\ticktacktoe.tlog\link-vctip.delete.44.tlog
c:\dev\github\ticktacktoe_windowsapp\ticktacktoe\ticktacktoe\debug\ticktacktoe.tlog\link-vctip.delete.45.tlog
c:\dev\github\ticktacktoe_windowsapp\ticktacktoe\ticktacktoe\debug\ticktacktoe.tlog\link-vctip.delete.53.tlog
c:\dev\github\ticktacktoe_windowsapp\ticktacktoe\ticktacktoe\debug\ticktacktoe.tlog\link-vctip.delete.54.tlog
c:\dev\github\ticktacktoe_windowsapp\ticktacktoe\ticktacktoe\debug\ticktacktoe.tlog\link-vctip.delete.60.tlog
c:\dev\github\ticktacktoe_windowsapp\ticktacktoe\ticktacktoe\debug\ticktacktoe.tlog\link-vctip.delete.66.tlog
c:\dev\github\ticktacktoe_windowsapp\ticktacktoe\ticktacktoe\debug\ticktacktoe.tlog\link-vctip.delete.67.tlog
c:\dev\github\ticktacktoe_windowsapp\ticktacktoe\ticktacktoe\debug\ticktacktoe.tlog\link-vctip.delete.79.tlog
c:\dev\github\ticktacktoe_windowsapp\ticktacktoe\ticktacktoe\debug\ticktacktoe.tlog\link-vctip.delete.91.tlog
c:\dev\github\ticktacktoe_windowsapp\ticktacktoe\ticktacktoe\debug\ticktacktoe.tlog\link-vctip.read.42.tlog
c:\dev\github\ticktacktoe_windowsapp\ticktacktoe\ticktacktoe\debug\ticktacktoe.tlog\link-vctip.read.59.tlog
c:\dev\github\ticktacktoe_windowsapp\ticktacktoe\ticktacktoe\debug\ticktacktoe.tlog\link-vctip.read.61.tlog
c:\dev\github\ticktacktoe_windowsapp\ticktacktoe\ticktacktoe\debug\ticktacktoe.tlog\link-vctip.read.66.tlog
c:\dev\github\ticktacktoe_windowsapp\ticktacktoe\ticktacktoe\debug\ticktacktoe.tlog\link-vctip.write.42.tlog
c:\dev\github\ticktacktoe_windowsapp\ticktacktoe\ticktacktoe\debug\ticktacktoe.tlog\link-vctip.write.66.tlog
c:\dev\github\ticktacktoe_windowsapp\ticktacktoe\ticktacktoe\debug\ticktacktoe.tlog\link.command.1.tlog
c:\dev\github\ticktacktoe_windowsapp\ticktacktoe\ticktacktoe\debug\ticktacktoe.tlog\link.read.1.tlog
c:\dev\github\ticktacktoe_windowsapp\ticktacktoe\ticktacktoe\debug\ticktacktoe.tlog\link.write.1.tlog
c:\dev\github\ticktacktoe_windowsapp\ticktacktoe\ticktacktoe\debug\ticktacktoe.tlog\rc.command.1.tlog
c:\dev\github\ticktacktoe_windowsapp\ticktacktoe\ticktacktoe\debug\ticktacktoe.tlog\rc.read.1.tlog
c:\dev\github\ticktacktoe_windowsapp\ticktacktoe\ticktacktoe\debug\ticktacktoe.tlog\rc.write.1.tlog
